#-----------------------------------------------------------
# Webtalk v2019.1 (64-bit)
# SW Build 2552052 on Fri May 24 14:49:42 MDT 2019
# 
# Start of session at: Thu Sep 26 19:48:13 2024
# Process ID: 12920
# Current directory: C:/Users/gianl/project_1_rob_306/project_1_rob_306.sdk/webtalk
# Command line: wbtcv.exe -mode batch -source sdk_webtalk.tcl
# Log file: C:/Users/gianl/project_1_rob_306/project_1_rob_306.sdk/webtalk/webtalk.log
# Journal file: C:/Users/gianl/project_1_rob_306/project_1_rob_306.sdk/webtalk\webtalk.jou
#-----------------------------------------------------------
source sdk_webtalk.tcl
# webtalk_init -webtalk_dir C:\\Users\\gianl\\project_1_rob_306\\project_1_rob_306.sdk\\webtalk
# webtalk_register_client -client project
# webtalk_add_data -client project -key date_generated -value "2024-09-26 19:48:09" -context "software_version_and_target_device"
# webtalk_add_data -client project -key product_version -value "SDK v2019.1" -context "software_version_and_target_device"
# webtalk_add_data -client project -key build_version -value "2019.1" -context "software_version_and_target_device"
# webtalk_add_data -client project -key os_platform -value "amd64" -context "software_version_and_target_device"
# webtalk_add_data -client project -key registration_id -value "" -context "software_version_and_target_device"
# webtalk_add_data -client project -key tool_flow -value "SDK" -context "software_version_and_target_device"
# webtalk_add_data -client project -key beta -value "false" -context "software_version_and_target_device"
# webtalk_add_data -client project -key route_design -value "NA" -context "software_version_and_target_device"
# webtalk_add_data -client project -key target_family -value "NA" -context "software_version_and_target_device"
# webtalk_add_data -client project -key target_device -value "NA" -context "software_version_and_target_device"
# webtalk_add_data -client project -key target_package -value "NA" -context "software_version_and_target_device"
# webtalk_add_data -client project -key target_speed -value "NA" -context "software_version_and_target_device"
# webtalk_add_data -client project -key random_id -value "vkjp8spgit3a3uv4puav354cjd" -context "software_version_and_target_device"
# webtalk_add_data -client project -key project_id -value "2019.1_1" -context "software_version_and_target_device"
# webtalk_add_data -client project -key project_iteration -value "1" -context "software_version_and_target_device"
# webtalk_add_data -client project -key os_name -value "Microsoft Windows 8 or later , 64-bit" -context "user_environment"
# webtalk_add_data -client project -key os_release -value "major release  (build 9200)" -context "user_environment"
# webtalk_add_data -client project -key cpu_name -value "AMD Ryzen 7 5800H with Radeon Graphics         " -context "user_environment"
# webtalk_add_data -client project -key cpu_speed -value "3194 MHz" -context "user_environment"
# webtalk_add_data -client project -key total_processors -value "1" -context "user_environment"
# webtalk_add_data -client project -key system_ram -value "16.540 GB" -context "user_environment"
# webtalk_register_client -client sdk
# webtalk_add_data -client sdk -key uid -value "1727371400844" -context "sdk\\\\hardware/1727371400844"
# webtalk_add_data -client sdk -key isZynq -value "true" -context "sdk\\\\hardware/1727371400844"
# webtalk_add_data -client sdk -key isZynqMP -value "false" -context "sdk\\\\hardware/1727371400844"
# webtalk_add_data -client sdk -key Processors -value "2" -context "sdk\\\\hardware/1727371400844"
# webtalk_add_data -client sdk -key VivadoVersion -value "2019.1" -context "sdk\\\\hardware/1727371400844"
# webtalk_add_data -client sdk -key Arch -value "zynq" -context "sdk\\\\hardware/1727371400844"
# webtalk_add_data -client sdk -key Device -value "7z020" -context "sdk\\\\hardware/1727371400844"
# webtalk_add_data -client sdk -key IsHandoff -value "true" -context "sdk\\\\hardware/1727371400844"
# webtalk_add_data -client sdk -key os -value "NA" -context "sdk\\\\hardware/1727371400844"
# webtalk_add_data -client sdk -key apptemplate -value "NA" -context "sdk\\\\hardware/1727371400844"
# webtalk_add_data -client sdk -key RecordType -value "HWCreation" -context "sdk\\\\hardware/1727371400844"
# webtalk_add_data -client sdk -key uid -value "1727371638314" -context "sdk\\\\bsp/1727371638314"
# webtalk_add_data -client sdk -key hwid -value "1727371400844" -context "sdk\\\\bsp/1727371638314"
# webtalk_add_data -client sdk -key os -value "standalone" -context "sdk\\\\bsp/1727371638314"
# webtalk_add_data -client sdk -key apptemplate -value "empty_application" -context "sdk\\\\bsp/1727371638314"
# webtalk_add_data -client sdk -key RecordType -value "BSPCreation" -context "sdk\\\\bsp/1727371638314"
# webtalk_add_data -client sdk -key uid -value "1727371644756" -context "sdk\\\\application/1727371644756"
# webtalk_add_data -client sdk -key hwid -value "1727371400844" -context "sdk\\\\application/1727371644756"
# webtalk_add_data -client sdk -key bspid -value "1727371638314" -context "sdk\\\\application/1727371644756"
# webtalk_add_data -client sdk -key newbsp -value "true" -context "sdk\\\\application/1727371644756"
# webtalk_add_data -client sdk -key os -value "standalone" -context "sdk\\\\application/1727371644756"
# webtalk_add_data -client sdk -key apptemplate -value "empty_application" -context "sdk\\\\application/1727371644756"
# webtalk_add_data -client sdk -key RecordType -value "APPCreation" -context "sdk\\\\application/1727371644756"
# webtalk_add_data -client sdk -key LangUsed -value "CPP" -context "sdk\\\\application/1727371644756"
# webtalk_add_data -client sdk -key Procused -value "ps7_cortexa9" -context "sdk\\\\application/1727371644756"
# webtalk_add_data -client sdk -key uid -value "1727371832557" -context "sdk\\\\bsp/1727371832557"
# webtalk_add_data -client sdk -key hwid -value "1727371400844" -context "sdk\\\\bsp/1727371832557"
# webtalk_add_data -client sdk -key os -value "standalone" -context "sdk\\\\bsp/1727371832557"
# webtalk_add_data -client sdk -key apptemplate -value "empty_application" -context "sdk\\\\bsp/1727371832557"
# webtalk_add_data -client sdk -key RecordType -value "BSPCreation" -context "sdk\\\\bsp/1727371832557"
# webtalk_add_data -client sdk -key uid -value "1727371835845" -context "sdk\\\\application/1727371835845"
# webtalk_add_data -client sdk -key hwid -value "1727371400844" -context "sdk\\\\application/1727371835845"
# webtalk_add_data -client sdk -key bspid -value "1727371832557" -context "sdk\\\\application/1727371835845"
# webtalk_add_data -client sdk -key newbsp -value "true" -context "sdk\\\\application/1727371835845"
# webtalk_add_data -client sdk -key os -value "standalone" -context "sdk\\\\application/1727371835845"
# webtalk_add_data -client sdk -key apptemplate -value "empty_application" -context "sdk\\\\application/1727371835845"
# webtalk_add_data -client sdk -key RecordType -value "APPCreation" -context "sdk\\\\application/1727371835845"
# webtalk_add_data -client sdk -key LangUsed -value "CPP" -context "sdk\\\\application/1727371835845"
# webtalk_add_data -client sdk -key Procused -value "ps7_cortexa9" -context "sdk\\\\application/1727371835845"
# webtalk_add_data -client sdk -key projSize -value "131.33984375" -context "sdk\\\\application/1727371835845"
# webtalk_add_data -client sdk -key uid -value "NA" -context "sdk\\\\bsp/1727372889860"
# webtalk_add_data -client sdk -key RecordType -value "ToolUsage" -context "sdk\\\\bsp/1727372889860"
# webtalk_add_data -client sdk -key BootgenCount -value "0" -context "sdk\\\\bsp/1727372889860"
# webtalk_add_data -client sdk -key DebugCount -value "0" -context "sdk\\\\bsp/1727372889860"
# webtalk_add_data -client sdk -key PerfCount -value "0" -context "sdk\\\\bsp/1727372889860"
# webtalk_add_data -client sdk -key FlashCount -value "0" -context "sdk\\\\bsp/1727372889860"
# webtalk_add_data -client sdk -key CrossTriggCount -value "0" -context "sdk\\\\bsp/1727372889860"
# webtalk_add_data -client sdk -key QemuDebugCount -value "0" -context "sdk\\\\bsp/1727372889860"
# webtalk_transmit -clientid 3109571529 -regid "" -xml C:\\Users\\gianl\\project_1_rob_306\\project_1_rob_306.sdk\\webtalk\\usage_statistics_ext_sdk.xml -html C:\\Users\\gianl\\project_1_rob_306\\project_1_rob_306.sdk\\webtalk\\usage_statistics_ext_sdk.html -wdm C:\\Users\\gianl\\project_1_rob_306\\project_1_rob_306.sdk\\webtalk\\sdk_webtalk.wdm -intro "<H3>SDK Usage Report</H3><BR>"
# webtalk_terminate
INFO: [Common 17-206] Exiting Webtalk at Thu Sep 26 19:48:24 2024...
